2026/03/23 04:06:09 [notice] 1#1: using the "epoll" event method
2026/03/23 04:06:09 [notice] 1#1: nginx/1.25.5
2026/03/23 04:06:09 [notice] 1#1: built by gcc 13.2.1 20231014 (Alpine 13.2.1_git20231014) 
2026/03/23 04:06:09 [notice] 1#1: OS: Linux 6.6.87.1-microsoft-standard-WSL2
2026/03/23 04:06:09 [notice] 1#1: getrlimit(RLIMIT_NOFILE): 1048576:1048576
2026/03/23 04:06:09 [notice] 1#1: start worker processes
2026/03/23 04:06:09 [notice] 1#1: start worker process 21
2026/03/23 04:06:09 [notice] 1#1: start worker process 22
2026/03/23 04:06:09 [notice] 1#1: start worker process 23
2026/03/23 04:06:09 [notice] 1#1: start worker process 24
2026/03/23 04:06:09 [notice] 1#1: start worker process 25
2026/03/23 04:06:09 [notice] 1#1: start worker process 26
2026/03/23 04:06:09 [notice] 1#1: start worker process 27
2026/03/23 04:06:09 [notice] 1#1: start worker process 28
2026/03/23 04:06:09 [notice] 1#1: start worker process 29
2026/03/23 04:06:09 [notice] 1#1: start worker process 30
2026/03/23 04:06:09 [notice] 1#1: start worker process 31
2026/03/23 04:06:09 [notice] 1#1: start worker process 32
2026/03/23 04:12:09 [notice] 1#1: signal 3 (SIGQUIT) received, shutting down
2026/03/23 04:12:09 [notice] 21#21: gracefully shutting down
2026/03/23 04:12:09 [notice] 24#24: gracefully shutting down
2026/03/23 04:12:09 [notice] 26#26: gracefully shutting down
2026/03/23 04:12:09 [notice] 22#22: gracefully shutting down
2026/03/23 04:12:09 [notice] 28#28: gracefully shutting down
2026/03/23 04:12:09 [notice] 26#26: exiting
2026/03/23 04:12:09 [notice] 27#27: gracefully shutting down
2026/03/23 04:12:09 [notice] 28#28: exiting
2026/03/23 04:12:09 [notice] 22#22: exiting
2026/03/23 04:12:09 [notice] 27#27: exiting
2026/03/23 04:12:09 [notice] 28#28: exit
2026/03/23 04:12:09 [notice] 26#26: exit
2026/03/23 04:12:09 [notice] 25#25: gracefully shutting down
2026/03/23 04:12:09 [notice] 22#22: exit
2026/03/23 04:12:09 [notice] 24#24: exiting
2026/03/23 04:12:09 [notice] 25#25: exiting
2026/03/23 04:12:09 [notice] 27#27: exit
2026/03/23 04:12:09 [notice] 24#24: exit
2026/03/23 04:12:09 [notice] 25#25: exit
2026/03/23 04:12:09 [notice] 23#23: gracefully shutting down
2026/03/23 04:12:09 [notice] 21#21: exiting
2026/03/23 04:12:09 [notice] 23#23: exiting
2026/03/23 04:12:09 [notice] 21#21: exit
2026/03/23 04:12:09 [notice] 29#29: gracefully shutting down
2026/03/23 04:12:09 [notice] 23#23: exit
2026/03/23 04:12:09 [notice] 31#31: gracefully shutting down
2026/03/23 04:12:09 [notice] 32#32: gracefully shutting down
2026/03/23 04:12:09 [notice] 30#30: gracefully shutting down
2026/03/23 04:12:09 [notice] 29#29: exiting
2026/03/23 04:12:09 [notice] 29#29: exit
2026/03/23 04:12:09 [notice] 32#32: exiting
2026/03/23 04:12:09 [notice] 32#32: exit
2026/03/23 04:12:09 [notice] 31#31: exiting
2026/03/23 04:12:09 [notice] 30#30: exiting
2026/03/23 04:12:09 [notice] 31#31: exit
2026/03/23 04:12:09 [notice] 30#30: exit
2026/03/23 04:12:09 [notice] 1#1: signal 17 (SIGCHLD) received from 27
2026/03/23 04:12:09 [notice] 1#1: worker process 27 exited with code 0
2026/03/23 04:12:09 [notice] 1#1: signal 29 (SIGIO) received
2026/03/23 04:12:09 [notice] 1#1: signal 17 (SIGCHLD) received from 28
2026/03/23 04:12:09 [notice] 1#1: worker process 28 exited with code 0
2026/03/23 04:12:09 [notice] 1#1: signal 29 (SIGIO) received
2026/03/23 04:12:09 [notice] 1#1: signal 17 (SIGCHLD) received from 26
2026/03/23 04:12:09 [notice] 1#1: worker process 26 exited with code 0
2026/03/23 04:12:09 [notice] 1#1: worker process 30 exited with code 0
2026/03/23 04:12:09 [notice] 1#1: worker process 31 exited with code 0
2026/03/23 04:12:09 [notice] 1#1: worker process 32 exited with code 0
2026/03/23 04:12:09 [notice] 1#1: signal 29 (SIGIO) received
2026/03/23 04:12:09 [notice] 1#1: signal 17 (SIGCHLD) received from 30
2026/03/23 04:12:09 [notice] 1#1: signal 17 (SIGCHLD) received from 29
2026/03/23 04:12:09 [notice] 1#1: worker process 23 exited with code 0
2026/03/23 04:12:09 [notice] 1#1: worker process 29 exited with code 0
2026/03/23 04:12:09 [notice] 1#1: signal 29 (SIGIO) received
2026/03/23 04:12:09 [notice] 1#1: signal 17 (SIGCHLD) received from 25
2026/03/23 04:12:09 [notice] 1#1: worker process 22 exited with code 0
2026/03/23 04:12:09 [notice] 1#1: worker process 24 exited with code 0
2026/03/23 04:12:09 [notice] 1#1: worker process 25 exited with code 0
2026/03/23 04:12:09 [notice] 1#1: signal 17 (SIGCHLD) received from 24
2026/03/23 04:12:09 [notice] 1#1: worker process 21 exited with code 0
2026/03/23 04:12:09 [notice] 1#1: exit
2026/03/23 04:12:40 [notice] 1#1: using the "epoll" event method
2026/03/23 04:12:40 [notice] 1#1: nginx/1.25.5
2026/03/23 04:12:40 [notice] 1#1: built by gcc 13.2.1 20231014 (Alpine 13.2.1_git20231014) 
2026/03/23 04:12:40 [notice] 1#1: OS: Linux 6.6.87.1-microsoft-standard-WSL2
2026/03/23 04:12:40 [notice] 1#1: getrlimit(RLIMIT_NOFILE): 1048576:1048576
2026/03/23 04:12:40 [notice] 1#1: start worker processes
2026/03/23 04:12:40 [notice] 1#1: start worker process 21
2026/03/23 04:12:40 [notice] 1#1: start worker process 22
2026/03/23 04:12:40 [notice] 1#1: start worker process 23
2026/03/23 04:12:40 [notice] 1#1: start worker process 24
2026/03/23 04:12:40 [notice] 1#1: start worker process 25
2026/03/23 04:12:40 [notice] 1#1: start worker process 26
2026/03/23 04:12:40 [notice] 1#1: start worker process 27
2026/03/23 04:12:40 [notice] 1#1: start worker process 28
2026/03/23 04:12:40 [notice] 1#1: start worker process 29
2026/03/23 04:12:40 [notice] 1#1: start worker process 30
2026/03/23 04:12:40 [notice] 1#1: start worker process 31
2026/03/23 04:12:40 [notice] 1#1: start worker process 32
2026/03/23 04:14:59 [notice] 1#1: signal 3 (SIGQUIT) received, shutting down
2026/03/23 04:14:59 [notice] 22#22: gracefully shutting down
2026/03/23 04:14:59 [notice] 23#23: gracefully shutting down
2026/03/23 04:14:59 [notice] 30#30: gracefully shutting down
2026/03/23 04:14:59 [notice] 29#29: gracefully shutting down
2026/03/23 04:14:59 [notice] 25#25: gracefully shutting down
2026/03/23 04:14:59 [notice] 28#28: gracefully shutting down
2026/03/23 04:14:59 [notice] 21#21: gracefully shutting down
2026/03/23 04:14:59 [notice] 24#24: gracefully shutting down
2026/03/23 04:14:59 [notice] 30#30: exiting
2026/03/23 04:14:59 [notice] 22#22: exiting
2026/03/23 04:14:59 [notice] 25#25: exiting
2026/03/23 04:14:59 [notice] 23#23: exiting
2026/03/23 04:14:59 [notice] 31#31: gracefully shutting down
2026/03/23 04:14:59 [notice] 25#25: exit
2026/03/23 04:14:59 [notice] 30#30: exit
2026/03/23 04:14:59 [notice] 22#22: exit
2026/03/23 04:14:59 [notice] 23#23: exit
2026/03/23 04:14:59 [notice] 28#28: exiting
2026/03/23 04:14:59 [notice] 29#29: exiting
2026/03/23 04:14:59 [notice] 21#21: exiting
2026/03/23 04:14:59 [notice] 29#29: exit
2026/03/23 04:14:59 [notice] 31#31: exiting
2026/03/23 04:14:59 [notice] 28#28: exit
2026/03/23 04:14:59 [notice] 24#24: exiting
2026/03/23 04:14:59 [notice] 21#21: exit
2026/03/23 04:14:59 [notice] 31#31: exit
2026/03/23 04:14:59 [notice] 24#24: exit
2026/03/23 04:14:59 [notice] 27#27: gracefully shutting down
2026/03/23 04:14:59 [notice] 26#26: gracefully shutting down
2026/03/23 04:14:59 [notice] 27#27: exiting
2026/03/23 04:14:59 [notice] 27#27: exit
2026/03/23 04:14:59 [notice] 32#32: gracefully shutting down
2026/03/23 04:14:59 [notice] 26#26: exiting
2026/03/23 04:14:59 [notice] 32#32: exiting
2026/03/23 04:14:59 [notice] 26#26: exit
2026/03/23 04:14:59 [notice] 32#32: exit
2026/03/23 04:14:59 [notice] 1#1: signal 17 (SIGCHLD) received from 21
2026/03/23 04:14:59 [notice] 1#1: worker process 21 exited with code 0
2026/03/23 04:14:59 [notice] 1#1: signal 29 (SIGIO) received
2026/03/23 04:14:59 [notice] 1#1: signal 17 (SIGCHLD) received from 24
2026/03/23 04:14:59 [notice] 1#1: worker process 24 exited with code 0
2026/03/23 04:14:59 [notice] 1#1: worker process 27 exited with code 0
2026/03/23 04:14:59 [notice] 1#1: worker process 29 exited with code 0
2026/03/23 04:14:59 [notice] 1#1: signal 29 (SIGIO) received
2026/03/23 04:14:59 [notice] 1#1: signal 17 (SIGCHLD) received from 30
2026/03/23 04:14:59 [notice] 1#1: worker process 22 exited with code 0
2026/03/23 04:14:59 [notice] 1#1: worker process 25 exited with code 0
2026/03/23 04:14:59 [notice] 1#1: worker process 28 exited with code 0
2026/03/23 04:14:59 [notice] 1#1: worker process 30 exited with code 0
2026/03/23 04:14:59 [notice] 1#1: worker process 31 exited with code 0
2026/03/23 04:14:59 [notice] 1#1: worker process 32 exited with code 0
2026/03/23 04:14:59 [notice] 1#1: signal 29 (SIGIO) received
2026/03/23 04:14:59 [notice] 1#1: signal 17 (SIGCHLD) received from 23
2026/03/23 04:14:59 [notice] 1#1: worker process 23 exited with code 0
2026/03/23 04:14:59 [notice] 1#1: signal 29 (SIGIO) received
2026/03/23 04:14:59 [notice] 1#1: signal 17 (SIGCHLD) received from 26
2026/03/23 04:14:59 [notice] 1#1: worker process 26 exited with code 0
2026/03/23 04:14:59 [notice] 1#1: exit
2026/03/23 04:16:05 [notice] 1#1: using the "epoll" event method
2026/03/23 04:16:05 [notice] 1#1: nginx/1.25.5
2026/03/23 04:16:05 [notice] 1#1: built by gcc 13.2.1 20231014 (Alpine 13.2.1_git20231014) 
2026/03/23 04:16:05 [notice] 1#1: OS: Linux 6.6.87.1-microsoft-standard-WSL2
2026/03/23 04:16:05 [notice] 1#1: getrlimit(RLIMIT_NOFILE): 1048576:1048576
2026/03/23 04:16:05 [notice] 1#1: start worker processes
2026/03/23 04:16:05 [notice] 1#1: start worker process 21
2026/03/23 04:16:05 [notice] 1#1: start worker process 22
2026/03/23 04:16:05 [notice] 1#1: start worker process 23
2026/03/23 04:16:05 [notice] 1#1: start worker process 24
2026/03/23 04:16:05 [notice] 1#1: start worker process 25
2026/03/23 04:16:05 [notice] 1#1: start worker process 26
2026/03/23 04:16:05 [notice] 1#1: start worker process 27
2026/03/23 04:16:05 [notice] 1#1: start worker process 28
2026/03/23 04:16:05 [notice] 1#1: start worker process 29
2026/03/23 04:16:05 [notice] 1#1: start worker process 30
2026/03/23 04:16:05 [notice] 1#1: start worker process 31
2026/03/23 04:16:05 [notice] 1#1: start worker process 32
2026/03/23 04:24:51 [notice] 1#1: signal 3 (SIGQUIT) received, shutting down
2026/03/23 04:24:51 [notice] 21#21: gracefully shutting down
2026/03/23 04:24:51 [notice] 22#22: gracefully shutting down
2026/03/23 04:24:51 [notice] 23#23: gracefully shutting down
2026/03/23 04:24:51 [notice] 25#25: gracefully shutting down
2026/03/23 04:24:51 [notice] 25#25: exiting
2026/03/23 04:24:51 [notice] 29#29: gracefully shutting down
2026/03/23 04:24:51 [notice] 29#29: exiting
2026/03/23 04:24:51 [notice] 23#23: exiting
2026/03/23 04:24:51 [notice] 23#23: exit
2026/03/23 04:24:51 [notice] 25#25: exit
2026/03/23 04:24:51 [notice] 29#29: exit
2026/03/23 04:24:51 [notice] 32#32: gracefully shutting down
2026/03/23 04:24:51 [notice] 24#24: gracefully shutting down
2026/03/23 04:24:51 [notice] 27#27: gracefully shutting down
2026/03/23 04:24:51 [notice] 26#26: gracefully shutting down
2026/03/23 04:24:51 [notice] 24#24: exiting
2026/03/23 04:24:51 [notice] 27#27: exiting
2026/03/23 04:24:51 [notice] 24#24: exit
2026/03/23 04:24:51 [notice] 27#27: exit
2026/03/23 04:24:51 [notice] 21#21: exiting
2026/03/23 04:24:51 [notice] 28#28: gracefully shutting down
2026/03/23 04:24:51 [notice] 21#21: exit
2026/03/23 04:24:51 [notice] 30#30: gracefully shutting down
2026/03/23 04:24:51 [notice] 28#28: exiting
2026/03/23 04:24:51 [notice] 32#32: exiting
2026/03/23 04:24:51 [notice] 30#30: exiting
2026/03/23 04:24:51 [notice] 28#28: exit
2026/03/23 04:24:51 [notice] 32#32: exit
2026/03/23 04:24:51 [notice] 22#22: exiting
2026/03/23 04:24:51 [notice] 30#30: exit
2026/03/23 04:24:51 [notice] 22#22: exit
2026/03/23 04:24:51 [notice] 31#31: gracefully shutting down
2026/03/23 04:24:51 [notice] 26#26: exiting
2026/03/23 04:24:51 [notice] 26#26: exit
2026/03/23 04:24:51 [notice] 31#31: exiting
2026/03/23 04:24:51 [notice] 31#31: exit
2026/03/23 04:24:52 [notice] 1#1: signal 17 (SIGCHLD) received from 31
2026/03/23 04:24:52 [notice] 1#1: worker process 28 exited with code 0
2026/03/23 04:24:52 [notice] 1#1: worker process 31 exited with code 0
2026/03/23 04:24:52 [notice] 1#1: signal 29 (SIGIO) received
2026/03/23 04:24:52 [notice] 1#1: signal 17 (SIGCHLD) received from 28
2026/03/23 04:24:52 [notice] 1#1: signal 17 (SIGCHLD) received from 21
2026/03/23 04:24:52 [notice] 1#1: worker process 21 exited with code 0
2026/03/23 04:24:52 [notice] 1#1: worker process 22 exited with code 0
2026/03/23 04:24:52 [notice] 1#1: worker process 23 exited with code 0
2026/03/23 04:24:52 [notice] 1#1: worker process 24 exited with code 0
2026/03/23 04:24:52 [notice] 1#1: worker process 25 exited with code 0
2026/03/23 04:24:52 [notice] 1#1: worker process 27 exited with code 0
2026/03/23 04:24:52 [notice] 1#1: worker process 29 exited with code 0
2026/03/23 04:24:52 [notice] 1#1: worker process 30 exited with code 0
2026/03/23 04:24:52 [notice] 1#1: worker process 32 exited with code 0
2026/03/23 04:24:52 [notice] 1#1: signal 29 (SIGIO) received
2026/03/23 04:24:52 [notice] 1#1: signal 17 (SIGCHLD) received from 30
2026/03/23 04:24:52 [notice] 1#1: signal 17 (SIGCHLD) received from 26
2026/03/23 04:24:52 [notice] 1#1: worker process 26 exited with code 0
2026/03/23 04:24:52 [notice] 1#1: exit
2026/03/23 04:24:52 [notice] 1#1: using the "epoll" event method
2026/03/23 04:24:52 [notice] 1#1: nginx/1.25.5
2026/03/23 04:24:52 [notice] 1#1: built by gcc 13.2.1 20231014 (Alpine 13.2.1_git20231014) 
2026/03/23 04:24:52 [notice] 1#1: OS: Linux 6.6.87.1-microsoft-standard-WSL2
2026/03/23 04:24:52 [notice] 1#1: getrlimit(RLIMIT_NOFILE): 1048576:1048576
2026/03/23 04:24:52 [notice] 1#1: start worker processes
2026/03/23 04:24:52 [notice] 1#1: start worker process 21
2026/03/23 04:24:52 [notice] 1#1: start worker process 22
2026/03/23 04:24:52 [notice] 1#1: start worker process 23
2026/03/23 04:24:52 [notice] 1#1: start worker process 24
2026/03/23 04:24:52 [notice] 1#1: start worker process 25
2026/03/23 04:24:52 [notice] 1#1: start worker process 26
2026/03/23 04:24:52 [notice] 1#1: start worker process 27
2026/03/23 04:24:52 [notice] 1#1: start worker process 28
2026/03/23 04:24:52 [notice] 1#1: start worker process 29
2026/03/23 04:24:52 [notice] 1#1: start worker process 30
2026/03/23 04:24:52 [notice] 1#1: start worker process 31
2026/03/23 04:24:52 [notice] 1#1: start worker process 32
2026/03/23 04:29:49 [notice] 1#1: signal 3 (SIGQUIT) received, shutting down
2026/03/23 04:29:49 [notice] 21#21: gracefully shutting down
2026/03/23 04:29:49 [notice] 22#22: gracefully shutting down
2026/03/23 04:29:49 [notice] 24#24: gracefully shutting down
2026/03/23 04:29:49 [notice] 23#23: gracefully shutting down
2026/03/23 04:29:49 [notice] 27#27: gracefully shutting down
2026/03/23 04:29:49 [notice] 26#26: gracefully shutting down
2026/03/23 04:29:49 [notice] 24#24: exiting
2026/03/23 04:29:49 [notice] 28#28: gracefully shutting down
2026/03/23 04:29:49 [notice] 25#25: gracefully shutting down
2026/03/23 04:29:49 [notice] 26#26: exiting
2026/03/23 04:29:49 [notice] 29#29: gracefully shutting down
2026/03/23 04:29:49 [notice] 28#28: exiting
2026/03/23 04:29:49 [notice] 21#21: exiting
2026/03/23 04:29:49 [notice] 24#24: exit
2026/03/23 04:29:49 [notice] 30#30: gracefully shutting down
2026/03/23 04:29:49 [notice] 29#29: exiting
2026/03/23 04:29:49 [notice] 21#21: exit
2026/03/23 04:29:49 [notice] 26#26: exit
2026/03/23 04:29:49 [notice] 28#28: exit
2026/03/23 04:29:49 [notice] 25#25: exiting
2026/03/23 04:29:49 [notice] 29#29: exit
2026/03/23 04:29:49 [notice] 25#25: exit
2026/03/23 04:29:49 [notice] 30#30: exiting
2026/03/23 04:29:49 [notice] 31#31: gracefully shutting down
2026/03/23 04:29:49 [notice] 31#31: exiting
2026/03/23 04:29:49 [notice] 30#30: exit
2026/03/23 04:29:49 [notice] 32#32: gracefully shutting down
2026/03/23 04:29:49 [notice] 27#27: exiting
2026/03/23 04:29:49 [notice] 31#31: exit
2026/03/23 04:29:49 [notice] 27#27: exit
2026/03/23 04:29:49 [notice] 22#22: exiting
2026/03/23 04:29:49 [notice] 32#32: exiting
2026/03/23 04:29:49 [notice] 22#22: exit
2026/03/23 04:29:49 [notice] 32#32: exit
2026/03/23 04:29:49 [notice] 1#1: signal 17 (SIGCHLD) received from 28
2026/03/23 04:29:49 [notice] 1#1: worker process 28 exited with code 0
2026/03/23 04:29:49 [notice] 1#1: signal 29 (SIGIO) received
2026/03/23 04:29:49 [notice] 1#1: signal 17 (SIGCHLD) received from 32
2026/03/23 04:29:49 [notice] 1#1: worker process 32 exited with code 0
2026/03/23 04:29:49 [notice] 1#1: signal 29 (SIGIO) received
2026/03/23 04:29:49 [notice] 1#1: signal 17 (SIGCHLD) received from 31
2026/03/23 04:29:49 [notice] 1#1: worker process 31 exited with code 0
2026/03/23 04:29:49 [notice] 1#1: signal 29 (SIGIO) received
2026/03/23 04:29:49 [notice] 1#1: signal 17 (SIGCHLD) received from 22
2026/03/23 04:29:49 [notice] 1#1: worker process 22 exited with code 0
2026/03/23 04:29:49 [notice] 1#1: worker process 27 exited with code 0
2026/03/23 04:29:49 [notice] 1#1: signal 29 (SIGIO) received
2026/03/23 04:29:49 [notice] 1#1: signal 17 (SIGCHLD) received from 29
2026/03/23 04:29:49 [notice] 1#1: worker process 29 exited with code 0
2026/03/23 04:29:49 [notice] 1#1: signal 29 (SIGIO) received
2026/03/23 04:29:49 [notice] 1#1: signal 17 (SIGCHLD) received from 25
2026/03/23 04:29:49 [notice] 1#1: worker process 24 exited with code 0
2026/03/23 04:29:49 [notice] 1#1: worker process 25 exited with code 0
2026/03/23 04:29:49 [notice] 1#1: worker process 26 exited with code 0
2026/03/23 04:29:49 [notice] 1#1: signal 29 (SIGIO) received
2026/03/23 04:29:49 [notice] 1#1: signal 17 (SIGCHLD) received from 30
2026/03/23 04:29:49 [notice] 1#1: worker process 21 exited with code 0
2026/03/23 04:29:49 [notice] 1#1: worker process 30 exited with code 0
2026/03/23 04:29:49 [notice] 1#1: signal 29 (SIGIO) received
2026/03/23 04:30:18 [notice] 1#1: using the "epoll" event method
2026/03/23 04:30:18 [notice] 1#1: nginx/1.25.5
2026/03/23 04:30:18 [notice] 1#1: built by gcc 13.2.1 20231014 (Alpine 13.2.1_git20231014) 
2026/03/23 04:30:18 [notice] 1#1: OS: Linux 6.6.87.1-microsoft-standard-WSL2
2026/03/23 04:30:18 [notice] 1#1: getrlimit(RLIMIT_NOFILE): 1048576:1048576
2026/03/23 04:30:18 [notice] 1#1: start worker processes
2026/03/23 04:30:18 [notice] 1#1: start worker process 21
2026/03/23 04:30:18 [notice] 1#1: start worker process 22
2026/03/23 04:30:18 [notice] 1#1: start worker process 23
2026/03/23 04:30:18 [notice] 1#1: start worker process 24
2026/03/23 04:30:18 [notice] 1#1: start worker process 25
2026/03/23 04:30:18 [notice] 1#1: start worker process 26
2026/03/23 04:30:18 [notice] 1#1: start worker process 27
2026/03/23 04:30:18 [notice] 1#1: start worker process 28
2026/03/23 04:30:18 [notice] 1#1: start worker process 29
2026/03/23 04:30:18 [notice] 1#1: start worker process 30
2026/03/23 04:30:18 [notice] 1#1: start worker process 31
2026/03/23 04:30:18 [notice] 1#1: start worker process 32
2026/03/23 04:32:20 [notice] 1#1: signal 3 (SIGQUIT) received, shutting down
2026/03/23 04:32:20 [notice] 21#21: gracefully shutting down
2026/03/23 04:32:20 [notice] 22#22: gracefully shutting down
2026/03/23 04:32:20 [notice] 22#22: exiting
2026/03/23 04:32:20 [notice] 26#26: gracefully shutting down
2026/03/23 04:32:20 [notice] 30#30: gracefully shutting down
2026/03/23 04:32:20 [notice] 31#31: gracefully shutting down
2026/03/23 04:32:20 [notice] 28#28: gracefully shutting down
2026/03/23 04:32:20 [notice] 29#29: gracefully shutting down
2026/03/23 04:32:20 [notice] 21#21: exiting
2026/03/23 04:32:20 [notice] 26#26: exiting
2026/03/23 04:32:20 [notice] 28#28: exiting
2026/03/23 04:32:20 [notice] 29#29: exiting
2026/03/23 04:32:20 [notice] 24#24: gracefully shutting down
2026/03/23 04:32:20 [notice] 24#24: exiting
2026/03/23 04:32:20 [notice] 28#28: exit
2026/03/23 04:32:20 [notice] 21#21: exit
2026/03/23 04:32:20 [notice] 29#29: exit
2026/03/23 04:32:20 [notice] 26#26: exit
2026/03/23 04:32:20 [notice] 24#24: exit
2026/03/23 04:32:20 [notice] 30#30: exiting
2026/03/23 04:32:20 [notice] 30#30: exit
2026/03/23 04:32:20 [notice] 31#31: exiting
2026/03/23 04:32:20 [notice] 32#32: gracefully shutting down
2026/03/23 04:32:20 [notice] 31#31: exit
2026/03/23 04:32:20 [notice] 22#22: exit
2026/03/23 04:32:20 [notice] 32#32: exiting
2026/03/23 04:32:20 [notice] 32#32: exit
2026/03/23 04:32:20 [notice] 25#25: gracefully shutting down
2026/03/23 04:32:20 [notice] 27#27: gracefully shutting down
2026/03/23 04:32:20 [notice] 23#23: gracefully shutting down
2026/03/23 04:32:20 [notice] 27#27: exiting
2026/03/23 04:32:20 [notice] 27#27: exit
2026/03/23 04:32:20 [notice] 25#25: exiting
2026/03/23 04:32:20 [notice] 25#25: exit
2026/03/23 04:32:20 [notice] 23#23: exiting
2026/03/23 04:32:20 [notice] 23#23: exit
2026/03/23 04:32:20 [notice] 1#1: signal 17 (SIGCHLD) received from 21
2026/03/23 04:32:20 [notice] 1#1: worker process 21 exited with code 0
2026/03/23 04:32:20 [notice] 1#1: signal 29 (SIGIO) received
2026/03/23 04:32:20 [notice] 1#1: signal 17 (SIGCHLD) received from 28
2026/03/23 04:32:20 [notice] 1#1: worker process 28 exited with code 0
2026/03/23 04:32:20 [notice] 1#1: signal 29 (SIGIO) received
2026/03/23 04:32:20 [notice] 1#1: signal 17 (SIGCHLD) received from 30
2026/03/23 04:32:20 [notice] 1#1: worker process 22 exited with code 0
2026/03/23 04:32:20 [notice] 1#1: worker process 24 exited with code 0
2026/03/23 04:32:20 [notice] 1#1: worker process 30 exited with code 0
2026/03/23 04:32:20 [notice] 1#1: worker process 31 exited with code 0
2026/03/23 04:32:20 [notice] 1#1: signal 29 (SIGIO) received
2026/03/23 04:32:20 [notice] 1#1: signal 17 (SIGCHLD) received from 31
2026/03/23 04:32:20 [notice] 1#1: signal 17 (SIGCHLD) received from 25
2026/03/23 04:32:20 [notice] 1#1: worker process 23 exited with code 0
2026/03/23 04:32:20 [notice] 1#1: worker process 25 exited with code 0
2026/03/23 04:32:20 [notice] 1#1: worker process 26 exited with code 0
2026/03/23 04:32:20 [notice] 1#1: worker process 27 exited with code 0
2026/03/23 04:32:20 [notice] 1#1: worker process 29 exited with code 0
2026/03/23 04:32:20 [notice] 1#1: signal 29 (SIGIO) received
2026/03/23 04:32:20 [notice] 1#1: signal 17 (SIGCHLD) received from 32
2026/03/23 04:32:20 [notice] 1#1: worker process 32 exited with code 0
2026/03/23 04:32:20 [notice] 1#1: exit
2026/03/23 04:32:27 [notice] 1#1: using the "epoll" event method
2026/03/23 04:32:27 [notice] 1#1: nginx/1.25.5
2026/03/23 04:32:27 [notice] 1#1: built by gcc 13.2.1 20231014 (Alpine 13.2.1_git20231014) 
2026/03/23 04:32:27 [notice] 1#1: OS: Linux 6.6.87.1-microsoft-standard-WSL2
2026/03/23 04:32:27 [notice] 1#1: getrlimit(RLIMIT_NOFILE): 1048576:1048576
2026/03/23 04:32:27 [notice] 1#1: start worker processes
2026/03/23 04:32:27 [notice] 1#1: start worker process 21
2026/03/23 04:32:27 [notice] 1#1: start worker process 22
2026/03/23 04:32:27 [notice] 1#1: start worker process 23
2026/03/23 04:32:27 [notice] 1#1: start worker process 24
2026/03/23 04:32:27 [notice] 1#1: start worker process 25
2026/03/23 04:32:27 [notice] 1#1: start worker process 26
2026/03/23 04:32:27 [notice] 1#1: start worker process 27
2026/03/23 04:32:27 [notice] 1#1: start worker process 28
2026/03/23 04:32:27 [notice] 1#1: start worker process 29
2026/03/23 04:32:27 [notice] 1#1: start worker process 30
2026/03/23 04:32:27 [notice] 1#1: start worker process 31
2026/03/23 04:32:27 [notice] 1#1: start worker process 32
2026/03/23 04:35:13 [notice] 1#1: signal 3 (SIGQUIT) received, shutting down
2026/03/23 04:35:13 [notice] 21#21: gracefully shutting down
2026/03/23 04:35:13 [notice] 23#23: gracefully shutting down
2026/03/23 04:35:13 [notice] 22#22: gracefully shutting down
2026/03/23 04:35:13 [notice] 24#24: gracefully shutting down
2026/03/23 04:35:13 [notice] 22#22: exiting
2026/03/23 04:35:13 [notice] 25#25: gracefully shutting down
2026/03/23 04:35:13 [notice] 26#26: gracefully shutting down
2026/03/23 04:35:13 [notice] 26#26: exiting
2026/03/23 04:35:13 [notice] 25#25: exiting
2026/03/23 04:35:13 [notice] 21#21: exiting
2026/03/23 04:35:13 [notice] 30#30: gracefully shutting down
2026/03/23 04:35:13 [notice] 27#27: gracefully shutting down
2026/03/23 04:35:13 [notice] 28#28: gracefully shutting down
2026/03/23 04:35:13 [notice] 23#23: exiting
2026/03/23 04:35:13 [notice] 31#31: gracefully shutting down
2026/03/23 04:35:13 [notice] 25#25: exit
2026/03/23 04:35:13 [notice] 28#28: exiting
2026/03/23 04:35:13 [notice] 26#26: exit
2026/03/23 04:35:13 [notice] 31#31: exiting
2026/03/23 04:35:13 [notice] 22#22: exit
2026/03/23 04:35:13 [notice] 21#21: exit
2026/03/23 04:35:13 [notice] 24#24: exiting
2026/03/23 04:35:13 [notice] 27#27: exiting
2026/03/23 04:35:13 [notice] 28#28: exit
2026/03/23 04:35:13 [notice] 31#31: exit
2026/03/23 04:35:13 [notice] 23#23: exit
2026/03/23 04:35:13 [notice] 24#24: exit
2026/03/23 04:35:13 [notice] 27#27: exit
2026/03/23 04:35:13 [notice] 30#30: exiting
2026/03/23 04:35:13 [notice] 29#29: gracefully shutting down
2026/03/23 04:35:13 [notice] 30#30: exit
2026/03/23 04:35:13 [notice] 29#29: exiting
2026/03/23 04:35:13 [notice] 32#32: gracefully shutting down
2026/03/23 04:35:13 [notice] 29#29: exit
2026/03/23 04:35:13 [notice] 32#32: exiting
2026/03/23 04:35:13 [notice] 32#32: exit
2026/03/23 04:35:13 [notice] 1#1: signal 17 (SIGCHLD) received from 26
2026/03/23 04:35:13 [notice] 1#1: worker process 26 exited with code 0
2026/03/23 04:35:13 [notice] 1#1: worker process 28 exited with code 0
2026/03/23 04:35:13 [notice] 1#1: signal 29 (SIGIO) received
2026/03/23 04:35:13 [notice] 1#1: signal 17 (SIGCHLD) received from 24
2026/03/23 04:35:13 [notice] 1#1: worker process 24 exited with code 0
2026/03/23 04:35:13 [notice] 1#1: worker process 31 exited with code 0
2026/03/23 04:35:13 [notice] 1#1: signal 29 (SIGIO) received
2026/03/23 04:35:13 [notice] 1#1: signal 17 (SIGCHLD) received from 27
2026/03/23 04:35:13 [notice] 1#1: worker process 27 exited with code 0
2026/03/23 04:35:13 [notice] 1#1: worker process 30 exited with code 0
2026/03/23 04:35:13 [notice] 1#1: signal 29 (SIGIO) received
2026/03/23 04:35:13 [notice] 1#1: signal 17 (SIGCHLD) received from 32
2026/03/23 04:35:13 [notice] 1#1: worker process 21 exited with code 0
2026/03/23 04:35:13 [notice] 1#1: worker process 23 exited with code 0
2026/03/23 04:35:13 [notice] 1#1: worker process 32 exited with code 0
2026/03/23 04:35:13 [notice] 1#1: signal 29 (SIGIO) received
2026/03/23 04:35:13 [notice] 1#1: signal 17 (SIGCHLD) received from 22
2026/03/23 04:35:13 [notice] 1#1: worker process 22 exited with code 0
2026/03/23 04:35:13 [notice] 1#1: worker process 29 exited with code 0
2026/03/23 04:35:13 [notice] 1#1: signal 17 (SIGCHLD) received from 25
2026/03/23 04:35:13 [notice] 1#1: worker process 25 exited with code 0
2026/03/23 04:35:13 [notice] 1#1: exit
2026/03/23 04:35:20 [notice] 1#1: using the "epoll" event method
2026/03/23 04:35:20 [notice] 1#1: nginx/1.25.5
2026/03/23 04:35:20 [notice] 1#1: built by gcc 13.2.1 20231014 (Alpine 13.2.1_git20231014) 
2026/03/23 04:35:20 [notice] 1#1: OS: Linux 6.6.87.1-microsoft-standard-WSL2
2026/03/23 04:35:20 [notice] 1#1: getrlimit(RLIMIT_NOFILE): 1048576:1048576
2026/03/23 04:35:20 [notice] 1#1: start worker processes
2026/03/23 04:35:20 [notice] 1#1: start worker process 21
2026/03/23 04:35:20 [notice] 1#1: start worker process 22
2026/03/23 04:35:20 [notice] 1#1: start worker process 23
2026/03/23 04:35:20 [notice] 1#1: start worker process 24
2026/03/23 04:35:20 [notice] 1#1: start worker process 25
2026/03/23 04:35:20 [notice] 1#1: start worker process 26
2026/03/23 04:35:20 [notice] 1#1: start worker process 27
2026/03/23 04:35:20 [notice] 1#1: start worker process 28
2026/03/23 04:35:20 [notice] 1#1: start worker process 29
2026/03/23 04:35:20 [notice] 1#1: start worker process 30
2026/03/23 04:35:20 [notice] 1#1: start worker process 31
2026/03/23 04:35:20 [notice] 1#1: start worker process 32
2026/03/23 04:40:11 [notice] 1#1: signal 3 (SIGQUIT) received, shutting down
2026/03/23 04:40:11 [notice] 21#21: gracefully shutting down
2026/03/23 04:40:11 [notice] 21#21: exiting
2026/03/23 04:40:11 [notice] 22#22: gracefully shutting down
2026/03/23 04:40:11 [notice] 23#23: gracefully shutting down
2026/03/23 04:40:11 [notice] 26#26: gracefully shutting down
2026/03/23 04:40:11 [notice] 22#22: exiting
2026/03/23 04:40:11 [notice] 26#26: exiting
2026/03/23 04:40:11 [notice] 24#24: gracefully shutting down
2026/03/23 04:40:11 [notice] 24#24: exiting
2026/03/23 04:40:11 [notice] 28#28: gracefully shutting down
2026/03/23 04:40:11 [notice] 28#28: exiting
2026/03/23 04:40:11 [notice] 24#24: exit
2026/03/23 04:40:11 [notice] 25#25: gracefully shutting down
2026/03/23 04:40:11 [notice] 22#22: exit
2026/03/23 04:40:11 [notice] 23#23: exiting
2026/03/23 04:40:11 [notice] 26#26: exit
2026/03/23 04:40:11 [notice] 25#25: exiting
2026/03/23 04:40:11 [notice] 27#27: gracefully shutting down
2026/03/23 04:40:11 [notice] 28#28: exit
2026/03/23 04:40:11 [notice] 21#21: exit
2026/03/23 04:40:11 [notice] 27#27: exiting
2026/03/23 04:40:11 [notice] 23#23: exit
2026/03/23 04:40:11 [notice] 25#25: exit
2026/03/23 04:40:11 [notice] 27#27: exit
2026/03/23 04:40:11 [notice] 29#29: gracefully shutting down
2026/03/23 04:40:11 [notice] 29#29: exiting
2026/03/23 04:40:11 [notice] 29#29: exit
2026/03/23 04:40:11 [notice] 30#30: gracefully shutting down
2026/03/23 04:40:11 [notice] 30#30: exiting
2026/03/23 04:40:11 [notice] 30#30: exit
2026/03/23 04:40:11 [notice] 31#31: gracefully shutting down
2026/03/23 04:40:11 [notice] 31#31: exiting
2026/03/23 04:40:11 [notice] 31#31: exit
2026/03/23 04:40:11 [notice] 32#32: gracefully shutting down
2026/03/23 04:40:11 [notice] 32#32: exiting
2026/03/23 04:40:11 [notice] 32#32: exit
2026/03/23 04:40:12 [notice] 1#1: signal 17 (SIGCHLD) received from 26
2026/03/23 04:40:12 [notice] 1#1: worker process 26 exited with code 0
2026/03/23 04:40:12 [notice] 1#1: worker process 27 exited with code 0
2026/03/23 04:40:12 [notice] 1#1: worker process 28 exited with code 0
2026/03/23 04:40:12 [notice] 1#1: worker process 30 exited with code 0
2026/03/23 04:40:12 [notice] 1#1: signal 29 (SIGIO) received
2026/03/23 04:40:12 [notice] 1#1: signal 17 (SIGCHLD) received from 28
2026/03/23 04:40:12 [notice] 1#1: worker process 25 exited with code 0
2026/03/23 04:40:12 [notice] 1#1: signal 29 (SIGIO) received
2026/03/23 04:40:12 [notice] 1#1: signal 17 (SIGCHLD) received from 24
2026/03/23 04:40:12 [notice] 1#1: worker process 21 exited with code 0
2026/03/23 04:40:12 [notice] 1#1: worker process 22 exited with code 0
2026/03/23 04:40:12 [notice] 1#1: worker process 23 exited with code 0
2026/03/23 04:40:12 [notice] 1#1: worker process 24 exited with code 0
2026/03/23 04:40:12 [notice] 1#1: worker process 29 exited with code 0
2026/03/23 04:40:12 [notice] 1#1: signal 29 (SIGIO) received
2026/03/23 04:40:12 [notice] 1#1: signal 17 (SIGCHLD) received from 23
2026/03/23 04:40:12 [notice] 1#1: signal 17 (SIGCHLD) received from 31
2026/03/23 04:40:12 [notice] 1#1: worker process 31 exited with code 0
2026/03/23 04:40:12 [notice] 1#1: signal 29 (SIGIO) received
2026/03/23 04:40:12 [notice] 1#1: signal 17 (SIGCHLD) received from 32
2026/03/23 04:40:12 [notice] 1#1: worker process 32 exited with code 0
2026/03/23 04:40:12 [notice] 1#1: exit
2026/03/23 04:40:12 [notice] 1#1: using the "epoll" event method
2026/03/23 04:40:12 [notice] 1#1: nginx/1.25.5
2026/03/23 04:40:12 [notice] 1#1: built by gcc 13.2.1 20231014 (Alpine 13.2.1_git20231014) 
2026/03/23 04:40:12 [notice] 1#1: OS: Linux 6.6.87.1-microsoft-standard-WSL2
2026/03/23 04:40:12 [notice] 1#1: getrlimit(RLIMIT_NOFILE): 1048576:1048576
2026/03/23 04:40:12 [notice] 1#1: start worker processes
2026/03/23 04:40:12 [notice] 1#1: start worker process 21
2026/03/23 04:40:12 [notice] 1#1: start worker process 22
2026/03/23 04:40:12 [notice] 1#1: start worker process 23
2026/03/23 04:40:12 [notice] 1#1: start worker process 24
2026/03/23 04:40:12 [notice] 1#1: start worker process 25
2026/03/23 04:40:12 [notice] 1#1: start worker process 26
2026/03/23 04:40:12 [notice] 1#1: start worker process 27
2026/03/23 04:40:12 [notice] 1#1: start worker process 28
2026/03/23 04:40:12 [notice] 1#1: start worker process 29
2026/03/23 04:40:12 [notice] 1#1: start worker process 30
2026/03/23 04:40:12 [notice] 1#1: start worker process 31
2026/03/23 04:40:12 [notice] 1#1: start worker process 32
2026/03/23 04:42:53 [notice] 1#1: signal 3 (SIGQUIT) received, shutting down
2026/03/23 04:42:53 [notice] 22#22: gracefully shutting down
2026/03/23 04:42:53 [notice] 21#21: gracefully shutting down
2026/03/23 04:42:53 [notice] 24#24: gracefully shutting down
2026/03/23 04:42:53 [notice] 23#23: gracefully shutting down
2026/03/23 04:42:53 [notice] 25#25: gracefully shutting down
2026/03/23 04:42:53 [notice] 21#21: exiting
2026/03/23 04:42:53 [notice] 26#26: gracefully shutting down
2026/03/23 04:42:53 [notice] 28#28: gracefully shutting down
2026/03/23 04:42:53 [notice] 22#22: exiting
2026/03/23 04:42:53 [notice] 25#25: exiting
2026/03/23 04:42:53 [notice] 27#27: gracefully shutting down
2026/03/23 04:42:53 [notice] 23#23: exiting
2026/03/23 04:42:53 [notice] 29#29: gracefully shutting down
2026/03/23 04:42:53 [notice] 27#27: exiting
2026/03/23 04:42:53 [notice] 30#30: gracefully shutting down
2026/03/23 04:42:53 [notice] 26#26: exiting
2026/03/23 04:42:53 [notice] 29#29: exiting
2026/03/23 04:42:53 [notice] 28#28: exiting
2026/03/23 04:42:53 [notice] 30#30: exiting
2026/03/23 04:42:53 [notice] 21#21: exit
2026/03/23 04:42:53 [notice] 22#22: exit
2026/03/23 04:42:53 [notice] 25#25: exit
2026/03/23 04:42:53 [notice] 28#28: exit
2026/03/23 04:42:53 [notice] 29#29: exit
2026/03/23 04:42:53 [notice] 26#26: exit
2026/03/23 04:42:53 [notice] 23#23: exit
2026/03/23 04:42:53 [notice] 27#27: exit
2026/03/23 04:42:53 [notice] 30#30: exit
2026/03/23 04:42:53 [notice] 31#31: gracefully shutting down
2026/03/23 04:42:53 [notice] 31#31: exiting
2026/03/23 04:42:53 [notice] 31#31: exit
2026/03/23 04:42:53 [notice] 24#24: exiting
2026/03/23 04:42:53 [notice] 24#24: exit
2026/03/23 04:42:53 [notice] 32#32: gracefully shutting down
2026/03/23 04:42:53 [notice] 32#32: exiting
2026/03/23 04:42:53 [notice] 32#32: exit
2026/03/23 04:42:53 [notice] 1#1: signal 17 (SIGCHLD) received from 23
2026/03/23 04:42:53 [notice] 1#1: worker process 22 exited with code 0
2026/03/23 04:42:53 [notice] 1#1: worker process 23 exited with code 0
2026/03/23 04:42:53 [notice] 1#1: worker process 26 exited with code 0
2026/03/23 04:42:53 [notice] 1#1: worker process 27 exited with code 0
2026/03/23 04:42:53 [notice] 1#1: signal 29 (SIGIO) received
2026/03/23 04:42:53 [notice] 1#1: signal 17 (SIGCHLD) received from 31
2026/03/23 04:42:53 [notice] 1#1: worker process 31 exited with code 0
2026/03/23 04:42:53 [notice] 1#1: signal 29 (SIGIO) received
2026/03/23 04:42:53 [notice] 1#1: signal 17 (SIGCHLD) received from 30
2026/03/23 04:42:53 [notice] 1#1: worker process 21 exited with code 0
2026/03/23 04:42:53 [notice] 1#1: worker process 28 exited with code 0
2026/03/23 04:42:53 [notice] 1#1: worker process 29 exited with code 0
2026/03/23 04:42:53 [notice] 1#1: worker process 30 exited with code 0
2026/03/23 04:42:53 [notice] 1#1: signal 29 (SIGIO) received
2026/03/23 04:42:53 [notice] 1#1: signal 17 (SIGCHLD) received from 21
2026/03/23 04:42:53 [notice] 1#1: worker process 24 exited with code 0
2026/03/23 04:42:53 [notice] 1#1: signal 29 (SIGIO) received
2026/03/23 04:42:53 [notice] 1#1: signal 17 (SIGCHLD) received from 32
2026/03/23 04:42:53 [notice] 1#1: worker process 25 exited with code 0
2026/03/23 04:42:53 [notice] 1#1: worker process 32 exited with code 0
2026/03/23 04:42:53 [notice] 1#1: exit
2026/03/23 04:42:54 [notice] 1#1: using the "epoll" event method
2026/03/23 04:42:54 [notice] 1#1: nginx/1.25.5
2026/03/23 04:42:54 [notice] 1#1: built by gcc 13.2.1 20231014 (Alpine 13.2.1_git20231014) 
2026/03/23 04:42:54 [notice] 1#1: OS: Linux 6.6.87.1-microsoft-standard-WSL2
2026/03/23 04:42:54 [notice] 1#1: getrlimit(RLIMIT_NOFILE): 1048576:1048576
2026/03/23 04:42:54 [notice] 1#1: start worker processes
2026/03/23 04:42:54 [notice] 1#1: start worker process 21
2026/03/23 04:42:54 [notice] 1#1: start worker process 22
2026/03/23 04:42:54 [notice] 1#1: start worker process 23
2026/03/23 04:42:54 [notice] 1#1: start worker process 24
2026/03/23 04:42:54 [notice] 1#1: start worker process 25
2026/03/23 04:42:54 [notice] 1#1: start worker process 26
2026/03/23 04:42:54 [notice] 1#1: start worker process 27
2026/03/23 04:42:54 [notice] 1#1: start worker process 28
2026/03/23 04:42:54 [notice] 1#1: start worker process 29
2026/03/23 04:42:54 [notice] 1#1: start worker process 30
2026/03/23 04:42:54 [notice] 1#1: start worker process 31
2026/03/23 04:42:54 [notice] 1#1: start worker process 32
2026/03/23 04:52:29 [notice] 1#1: signal 3 (SIGQUIT) received, shutting down
2026/03/23 04:52:29 [notice] 23#23: gracefully shutting down
2026/03/23 04:52:29 [notice] 22#22: gracefully shutting down
2026/03/23 04:52:29 [notice] 21#21: gracefully shutting down
2026/03/23 04:52:29 [notice] 25#25: gracefully shutting down
2026/03/23 04:52:29 [notice] 24#24: gracefully shutting down
2026/03/23 04:52:29 [notice] 27#27: gracefully shutting down
2026/03/23 04:52:29 [notice] 22#22: exiting
2026/03/23 04:52:29 [notice] 28#28: gracefully shutting down
2026/03/23 04:52:29 [notice] 26#26: gracefully shutting down
2026/03/23 04:52:29 [notice] 23#23: exiting
2026/03/23 04:52:29 [notice] 28#28: exiting
2026/03/23 04:52:29 [notice] 21#21: exiting
2026/03/23 04:52:29 [notice] 26#26: exiting
2026/03/23 04:52:29 [notice] 25#25: exiting
2026/03/23 04:52:29 [notice] 27#27: exiting
2026/03/23 04:52:29 [notice] 24#24: exiting
2026/03/23 04:52:29 [notice] 29#29: gracefully shutting down
2026/03/23 04:52:29 [notice] 27#27: exit
2026/03/23 04:52:29 [notice] 28#28: exit
2026/03/23 04:52:29 [notice] 26#26: exit
2026/03/23 04:52:29 [notice] 21#21: exit
2026/03/23 04:52:29 [notice] 25#25: exit
2026/03/23 04:52:29 [notice] 24#24: exit
2026/03/23 04:52:29 [notice] 22#22: exit
2026/03/23 04:52:29 [notice] 23#23: exit
2026/03/23 04:52:29 [notice] 29#29: exiting
2026/03/23 04:52:29 [notice] 29#29: exit
2026/03/23 04:52:29 [notice] 31#31: gracefully shutting down
2026/03/23 04:52:29 [notice] 31#31: exiting
2026/03/23 04:52:29 [notice] 31#31: exit
2026/03/23 04:52:29 [notice] 30#30: gracefully shutting down
2026/03/23 04:52:29 [notice] 30#30: exiting
2026/03/23 04:52:29 [notice] 32#32: gracefully shutting down
2026/03/23 04:52:29 [notice] 30#30: exit
2026/03/23 04:52:29 [notice] 32#32: exiting
2026/03/23 04:52:29 [notice] 32#32: exit
2026/03/23 04:52:29 [notice] 1#1: signal 17 (SIGCHLD) received from 25
2026/03/23 04:52:29 [notice] 1#1: worker process 25 exited with code 0
2026/03/23 04:52:29 [notice] 1#1: worker process 31 exited with code 0
2026/03/23 04:52:29 [notice] 1#1: signal 29 (SIGIO) received
2026/03/23 04:52:29 [notice] 1#1: signal 17 (SIGCHLD) received from 31
2026/03/23 04:52:29 [notice] 1#1: worker process 29 exited with code 0
2026/03/23 04:52:29 [notice] 1#1: signal 29 (SIGIO) received
2026/03/23 04:52:29 [notice] 1#1: signal 17 (SIGCHLD) received from 28
2026/03/23 04:52:29 [notice] 1#1: worker process 28 exited with code 0
2026/03/23 04:52:29 [notice] 1#1: signal 29 (SIGIO) received
2026/03/23 04:52:29 [notice] 1#1: signal 17 (SIGCHLD) received from 23
2026/03/23 04:52:29 [notice] 1#1: worker process 23 exited with code 0
2026/03/23 04:52:29 [notice] 1#1: signal 29 (SIGIO) received
2026/03/23 04:52:29 [notice] 1#1: signal 17 (SIGCHLD) received from 30
2026/03/23 04:52:29 [notice] 1#1: worker process 21 exited with code 0
2026/03/23 04:52:29 [notice] 1#1: worker process 24 exited with code 0
2026/03/23 04:52:29 [notice] 1#1: worker process 30 exited with code 0
2026/03/23 04:52:29 [notice] 1#1: signal 29 (SIGIO) received
2026/03/23 04:52:29 [notice] 1#1: signal 17 (SIGCHLD) received from 26
2026/03/23 04:52:29 [notice] 1#1: worker process 26 exited with code 0
2026/03/23 04:52:29 [notice] 1#1: signal 29 (SIGIO) received
2026/03/23 04:52:29 [notice] 1#1: signal 17 (SIGCHLD) received from 32
2026/03/23 04:52:29 [notice] 1#1: worker process 32 exited with code 0
2026/03/23 04:52:29 [notice] 1#1: signal 29 (SIGIO) received
2026/03/23 04:52:29 [notice] 1#1: signal 17 (SIGCHLD) received from 22
2026/03/23 04:52:29 [notice] 1#1: worker process 22 exited with code 0
2026/03/23 04:52:29 [notice] 1#1: worker process 27 exited with code 0
2026/03/23 04:52:29 [notice] 1#1: exit
2026/03/23 04:56:02 [notice] 1#1: using the "epoll" event method
2026/03/23 04:56:02 [notice] 1#1: nginx/1.25.5
2026/03/23 04:56:02 [notice] 1#1: built by gcc 13.2.1 20231014 (Alpine 13.2.1_git20231014) 
2026/03/23 04:56:02 [notice] 1#1: OS: Linux 6.6.87.1-microsoft-standard-WSL2
2026/03/23 04:56:02 [notice] 1#1: getrlimit(RLIMIT_NOFILE): 1048576:1048576
2026/03/23 04:56:02 [notice] 1#1: start worker processes
2026/03/23 04:56:02 [notice] 1#1: start worker process 21
2026/03/23 04:56:02 [notice] 1#1: start worker process 22
2026/03/23 04:56:02 [notice] 1#1: start worker process 23
2026/03/23 04:56:02 [notice] 1#1: start worker process 24
2026/03/23 04:56:02 [notice] 1#1: start worker process 25
2026/03/23 04:56:02 [notice] 1#1: start worker process 26
2026/03/23 04:56:02 [notice] 1#1: start worker process 27
2026/03/23 04:56:02 [notice] 1#1: start worker process 28
2026/03/23 04:56:02 [notice] 1#1: start worker process 29
2026/03/23 04:56:02 [notice] 1#1: start worker process 30
2026/03/23 04:56:02 [notice] 1#1: start worker process 31
2026/03/23 04:56:02 [notice] 1#1: start worker process 32
2026/03/23 05:16:47 [error] 22#22: *61 connect() failed (113: Host is unreachable) while connecting to upstream, client: 127.0.0.1, server: localhost, request: "GET / HTTP/1.1", upstream: "fastcgi://172.18.0.2:9000", host: "localhost"
2026/03/23 05:17:21 [error] 21#21: *63 connect() failed (113: Host is unreachable) while connecting to upstream, client: 127.0.0.1, server: localhost, request: "GET / HTTP/1.1", upstream: "fastcgi://172.18.0.2:9000", host: "localhost"
2026/03/23 05:17:54 [error] 21#21: *65 connect() failed (113: Host is unreachable) while connecting to upstream, client: 127.0.0.1, server: localhost, request: "GET / HTTP/1.1", upstream: "fastcgi://172.18.0.2:9000", host: "localhost"
2026/03/23 05:18:27 [error] 21#21: *67 connect() failed (113: Host is unreachable) while connecting to upstream, client: 127.0.0.1, server: localhost, request: "GET / HTTP/1.1", upstream: "fastcgi://172.18.0.2:9000", host: "localhost"
2026/03/23 05:19:00 [error] 21#21: *69 connect() failed (113: Host is unreachable) while connecting to upstream, client: 127.0.0.1, server: localhost, request: "GET / HTTP/1.1", upstream: "fastcgi://172.18.0.2:9000", host: "localhost"
